<?xml version="1.0" encoding="UTF-8"?>
<!-- Generated by org.testng.reporters.JUnitReportReporter -->
<testsuite hostname="DESKTOP-RR8DN1P" failures="0" tests="1" name="TestMethods.LoginPageTest" time="15.594" errors="0" timestamp="2024-05-13T12:57:44 IST" skipped="0">
  <testcase classname="TestMethods.LoginPageTest" name="testMethod" time="15.594"/>
</testsuite> <!-- TestMethods.LoginPageTest -->
