<?xml version="1.0" encoding="UTF-8"?>
<!-- Generated by org.testng.reporters.JUnitReportReporter -->
<testsuite hostname="DESKTOP-RR8DN1P" failures="0" tests="4" name="TestMethods.WishlistPageTest" time="119.243" errors="0" timestamp="2024-05-14T12:02:02 IST" skipped="0">
  <testcase classname="TestMethods.WishlistPageTest" name="testMethod" time="33.887"/>
  <testcase classname="TestMethods.WishlistPageTest" name="testMethod2" time="45.864"/>
  <testcase classname="TestMethods.WishlistPageTest" name="testMethod3" time="37.446"/>
  <testcase classname="TestMethods.WishlistPageTest" name="successmessage" time="2.046"/>
</testsuite> <!-- TestMethods.WishlistPageTest -->
