<?xml version="1.0" encoding="UTF-8"?>
<!-- Generated by org.testng.reporters.JUnitReportReporter -->
<testsuite hostname="DESKTOP-RR8DN1P" failures="0" tests="2" name="TestMethods.RegistrationPageTest" time="24.942" errors="0" timestamp="2024-05-11T20:08:32 IST" skipped="0">
  <testcase classname="TestMethods.RegistrationPageTest" name="testMethod" time="22.784"/>
  <testcase classname="TestMethods.RegistrationPageTest" name="successmessage" time="2.158"/>
</testsuite> <!-- TestMethods.RegistrationPageTest -->
