<?xml version="1.0" encoding="UTF-8"?>
<!-- Generated by org.testng.reporters.JUnitReportReporter -->
<testsuite hostname="DESKTOP-RR8DN1P" failures="0" tests="2" name="TestMethods.SearchPageTest" time="19.447" errors="0" timestamp="2024-05-13T18:35:23 IST" skipped="0">
  <testcase classname="TestMethods.SearchPageTest" name="testMethod" time="12.064"/>
  <testcase classname="TestMethods.SearchPageTest" name="testMethod2" time="7.383"/>
</testsuite> <!-- TestMethods.SearchPageTest -->
