<?xml version="1.0" encoding="UTF-8"?>
<!-- Generated by org.testng.reporters.JUnitReportReporter -->
<testsuite hostname="DESKTOP-RR8DN1P" failures="0" tests="1" name="TestMethods.CategoryDropdownPageTest" time="12.897" errors="0" timestamp="2024-05-15T09:54:56 IST" skipped="0">
  <testcase classname="TestMethods.CategoryDropdownPageTest" name="testMethod" time="12.897"/>
</testsuite> <!-- TestMethods.CategoryDropdownPageTest -->
