<?xml version="1.0" encoding="UTF-8"?>
<!-- Generated by org.testng.reporters.JUnitReportReporter -->
<testsuite hostname="DESKTOP-RR8DN1P" failures="0" tests="2" name="TestMethods.UpdateAcountPageTest" time="42.239" errors="0" timestamp="2024-05-13T22:22:42 IST" skipped="0">
  <testcase classname="TestMethods.UpdateAcountPageTest" name="testMethod" time="40.130"/>
  <testcase classname="TestMethods.UpdateAcountPageTest" name="successmessage" time="2.109"/>
</testsuite> <!-- TestMethods.UpdateAcountPageTest -->
