<?xml version="1.0" encoding="UTF-8"?>
<!-- Generated by org.testng.reporters.JUnitReportReporter -->
<testsuite hostname="DESKTOP-RR8DN1P" failures="0" tests="3" name="TestMethods.CartPageTest" time="39.917" errors="0" timestamp="2024-05-14T14:07:45 IST" skipped="1">
  <testcase classname="TestMethods.CartPageTest" name="testMethod3" time="12.442"/>
  <testcase classname="TestMethods.CartPageTest" name="testMethod" time="27.475"/>
  <testcase classname="TestMethods.CartPageTest" name="testMethod2">
    <skipped/>
  </testcase> <!-- testMethod2 -->
</testsuite> <!-- TestMethods.CartPageTest -->
