<?xml version="1.0" encoding="UTF-8"?>
<!-- Generated by org.testng.reporters.JUnitReportReporter -->
<testsuite hostname="DESKTOP-RR8DN1P" failures="0" tests="4" name="TestMethods.CheckoutPageTest" time="35.036" errors="0" timestamp="2024-05-14T19:36:49 IST" skipped="3">
  <testcase classname="TestMethods.CheckoutPageTest" name="orderStatusPage" time="35.036"/>
  <testcase classname="TestMethods.CheckoutPageTest" name="purchaseOrder">
    <skipped/>
  </testcase> <!-- purchaseOrder -->
  <testcase classname="TestMethods.CheckoutPageTest" name="testMethod">
    <skipped/>
  </testcase> <!-- testMethod -->
  <testcase classname="TestMethods.CheckoutPageTest" name="purchaseOrder2">
    <skipped/>
  </testcase> <!-- purchaseOrder2 -->
</testsuite> <!-- TestMethods.CheckoutPageTest -->
