<?xml version="1.0" encoding="UTF-8"?>
<!-- Generated by org.testng.reporters.JUnitReportReporter -->
<testsuite hostname="DESKTOP-RR8DN1P" failures="0" tests="1" name="TestMethods.NavigationMenuPageTest" time="24.371" errors="0" timestamp="2024-05-14T20:25:21 IST" skipped="0">
  <testcase classname="TestMethods.NavigationMenuPageTest" name="testMethod" time="24.371"/>
</testsuite> <!-- TestMethods.NavigationMenuPageTest -->
