<?xml version="1.0" encoding="UTF-8"?>
<!-- Generated by org.testng.reporters.JUnitReportReporter -->
<testsuite hostname="DESKTOP-RR8DN1P" failures="0" tests="1" name="TestMethods.UpdateProdQtyPageTest" time="70.458" errors="0" timestamp="2024-05-13T21:45:24 IST" skipped="0">
  <testcase classname="TestMethods.UpdateProdQtyPageTest" name="testMethod" time="70.458"/>
</testsuite> <!-- TestMethods.UpdateProdQtyPageTest -->
