<?xml version="1.0" encoding="UTF-8"?>
<!-- Generated by org.testng.reporters.JUnitReportReporter -->
<testsuite hostname="DESKTOP-RR8DN1P" failures="0" tests="1" name="TestMethods.LogoutPageTest" time="19.952" errors="0" timestamp="2024-05-13T13:00:03 IST" skipped="0">
  <testcase classname="TestMethods.LogoutPageTest" name="testMethod" time="19.952"/>
</testsuite> <!-- TestMethods.LogoutPageTest -->
