<?xml version="1.0" encoding="UTF-8"?>
<!-- Generated by org.testng.reporters.JUnitReportReporter -->
<testsuite hostname="DESKTOP-RR8DN1P" failures="0" tests="1" name="TestMethods.TestScenarios" time="5.027" errors="0" timestamp="2024-05-10T12:58:23 IST" skipped="0">
  <testcase classname="TestMethods.TestScenarios" name="testMethod" time="5.027"/>
</testsuite> <!-- TestMethods.TestScenarios -->
