<?xml version="1.0" encoding="UTF-8"?>
<!-- Generated by org.testng.reporters.JUnitReportReporter -->
<testsuite hostname="DESKTOP-RR8DN1P" failures="0" tests="1" name="TestMethods.ProductListingPageTest" time="16.605" errors="0" timestamp="2024-05-15T10:18:33 IST" skipped="0">
  <testcase classname="TestMethods.ProductListingPageTest" name="testMethod" time="16.605"/>
</testsuite> <!-- TestMethods.ProductListingPageTest -->
