<?xml version="1.0" encoding="UTF-8"?>
<!-- Generated by org.testng.reporters.JUnitReportReporter -->
<testsuite hostname="DESKTOP-RR8DN1P" failures="0" tests="2" name="TestMethods.InvalidLoginPageTest" time="56.104" errors="0" timestamp="2024-05-13T12:54:56 IST" skipped="0">
  <testcase classname="TestMethods.InvalidLoginPageTest" name="testMethod" time="54.042"/>
  <testcase classname="TestMethods.InvalidLoginPageTest" name="errormessage" time="2.062"/>
</testsuite> <!-- TestMethods.InvalidLoginPageTest -->
