<?xml version="1.0" encoding="UTF-8"?>
<!-- Generated by org.testng.reporters.JUnitReportReporter -->
<testsuite hostname="DESKTOP-RR8DN1P" failures="0" tests="1" name="TestMethods.ReviewPageTest" time="33.844" errors="0" timestamp="2024-05-15T11:18:22 IST" skipped="0">
  <testcase classname="TestMethods.ReviewPageTest" name="testMethod" time="33.844"/>
</testsuite> <!-- TestMethods.ReviewPageTest -->
